

Microchip MPLAB XC8 Assembler V2.46 build 20240104201356 
                                                                                               Sun Apr 28 13:47:48 2024

Microchip MPLAB XC8 C Compiler v2.46 (Free license) build 20240104201356 Og1 
     1                           	processor	18F47K42
     2                           	fnconf	rparam,??,?,0
     3                           	pagewidth 120
     4                           	opt	flic
     5                           	psect	cinit,global,reloc=2,class=CODE,delta=1
     6                           	psect	bssCOMRAM,global,class=COMRAM,space=1,delta=1,lowdata,noexec
     7                           	psect	cstackCOMRAM,global,class=COMRAM,space=1,delta=1,lowdata,noexec
     8                           	psect	text0,global,reloc=2,class=CODE,delta=1
     9                           	psect	text1,global,reloc=2,class=CODE,delta=1,group=1
    10                           	psect	text2,global,reloc=2,class=CODE,delta=1,group=1
    11                           	psect	text3,global,reloc=2,class=CODE,delta=1
    12                           	psect	text4,global,reloc=2,class=CODE,delta=1
    13                           	psect	text5,global,reloc=2,class=CODE,delta=1
    14                           	psect	text6,global,reloc=2,class=CODE,delta=1
    15                           	psect	text7,global,reloc=2,class=CODE,delta=1
    16                           	psect	text8,global,reloc=2,class=CODE,delta=1
    17                           	psect	text9,global,reloc=2,class=CODE,delta=1
    18                           	psect	text10,global,reloc=2,class=CODE,delta=1
    19                           	psect	smallconst,global,reloc=2,class=SMALLCONST,delta=1,noexec
    20                           	psect	intsave_regs,global,class=BIGRAM,space=1,delta=1,noexec
    21                           	psect	rparam,global,class=COMRAM,space=1,delta=1,noexec
    22                           	psect	config,global,abs,ovrld,class=CONFIG,space=4,delta=1,noexec
    23   000000                     
    24                           ; Generated 12/10/2023 GMT
    25                           ; 
    26                           ; Copyright © 2023, Microchip Technology Inc. and its subsidiaries ("Microchip")
    27                           ; All rights reserved.
    28                           ; 
    29                           ; This software is developed by Microchip Technology Inc. and its subsidiaries ("Microch
      +                          ip").
    30                           ; 
    31                           ; Redistribution and use in source and binary forms, with or without modification, are
    32                           ; permitted provided that the following conditions are met:
    33                           ; 
    34                           ;     1. Redistributions of source code must retain the above copyright notice, this lis
      +                          t of
    35                           ;        conditions and the following disclaimer.
    36                           ; 
    37                           ;     2. Redistributions in binary form must reproduce the above copyright notice, this 
      +                          list
    38                           ;        of conditions and the following disclaimer in the documentation and/or other
    39                           ;        materials provided with the distribution. Publication is not required when
    40                           ;        this file is used in an embedded application.
    41                           ; 
    42                           ;     3. Microchip's name may not be used to endorse or promote products derived from th
      +                          is
    43                           ;        software without specific prior written permission.
    44                           ; 
    45                           ; THIS SOFTWARE IS PROVIDED BY MICROCHIP "AS IS" AND ANY EXPRESS OR IMPLIED WARRANTIES,
    46                           ; INCLUDING, BUT NOT LIMITED TO, THE IMPLIED WARRANTIES OF MERCHANTABILITY AND FITNESS F
      +                          OR
    47                           ; PURPOSE ARE DISCLAIMED.  IN NO EVENT SHALL MICROCHIP BE LIABLE FOR ANY DIRECT, INDIREC
      +                          T,
    48                           ; INCIDENTAL, SPECIAL, EXEMPLARY, OR CONSEQUENTIAL DAMAGES (INCLUDING BUT NOT LIMITED TO
    49                           ; PROCUREMENT OF SUBSTITUTE GOODS OR SERVICES; LOSS OF USE, DATA OR PROFITS; OR BUSINESS
    50                           ; INTERRUPTION) HOWSOEVER CAUSED AND ON ANY THEORY OF LIABILITY, WHETHER IN CONTRACT, ST
      +                          RICT
    51                           ; LIABILITY, OR TORT (INCLUDING NEGLIGENCE OR OTHERWISE) ARISING IN ANY WAY OUT OF THE U
      +                          SE OF
    52                           ; THIS SOFTWARE, EVEN IF ADVISED OF THE POSSIBILITY OF SUCH DAMAGE.
    53                           ; 
    54                           ; 
    55                           ; Code-generator required, PIC18F47K42 Definitions
    56                           ; 
    57                           ; SFR Addresses
    58   000000                     _T2CON	set	16300
    59   000000                     _PPSLOCKbits	set	15039
    60   000000                     _CCP2CONbits	set	16250
    61   000000                     _PR2	set	16299
    62   000000                     _TMR2	set	16298
    63   000000                     _T2CONbits	set	16300
    64   000000                     _PIR4bits	set	14756
    65   000000                     _T2TMR	set	16298
    66   000000                     _T2PR	set	16299
    67   000000                     _T2HLT	set	16301
    68   000000                     _T2CLKCON	set	16302
    69   000000                     _TRISAbits	set	16322
    70   000000                     _TRISBbits	set	16323
    71   000000                     _T2RST	set	16303
    72   000000                     _OSCSTATbits	set	14812
    73   000000                     _RB3PPS	set	14859
    74   000000                     _PPSLOCK	set	15039
    75   000000                     _CCPTMRS0bits	set	16222
    76   000000                     _CCPR2L	set	16248
    77   000000                     _CCPR2H	set	16249
    78   000000                     _CCP2CON	set	16250
    79   000000                     _ANSELA	set	14912
    80   000000                     _PORTAbits	set	16330
    81   000000                     _OSCFRQ	set	14815
    82                           
    83                           ; #config settings
    84                           
    85                           	psect	cinit
    86   0022FE                     __pcinit:
    87                           	callstack 0
    88   0022FE                     start_initialization:
    89                           	callstack 0
    90   0022FE                     __initialization:
    91                           	callstack 0
    92                           
    93                           ; Clear objects allocated to COMRAM (6 bytes)
    94   0022FE  6A21               	clrf	(__pbssCOMRAM+5)& (0+255),c
    95   002300  6A20               	clrf	(__pbssCOMRAM+4)& (0+255),c
    96   002302  6A1F               	clrf	(__pbssCOMRAM+3)& (0+255),c
    97   002304  6A1E               	clrf	(__pbssCOMRAM+2)& (0+255),c
    98   002306  6A1D               	clrf	(__pbssCOMRAM+1)& (0+255),c
    99   002308  6A1C               	clrf	__pbssCOMRAM& (0+255),c
   100   00230A                     end_of_initialization:
   101                           	callstack 0
   102   00230A                     __end_of__initialization:
   103                           	callstack 0
   104   00230A  0100               	movlb	0
   105   00230C  EF01  F010         	goto	_main	;jump to C main() function
   106                           
   107                           	psect	bssCOMRAM
   108   00001C                     __pbssCOMRAM:
   109                           	callstack 0
   110   00001C                     _checkdutyCycle:
   111                           	callstack 0
   112   00001C                     	ds	2
   113   00001E                     _pwmStatus:
   114                           	callstack 0
   115   00001E                     	ds	1
   116   00001F                     _preScale:
   117                           	callstack 0
   118   00001F                     	ds	1
   119   000020                     _PWM2_INITIALIZE_DUTY_VALUE:
   120                           	callstack 0
   121   000020                     	ds	2
   122                           
   123                           	psect	cstackCOMRAM
   124   000001                     __pcstackCOMRAM:
   125                           	callstack 0
   126   000001                     ?___lmul:
   127                           	callstack 0
   128   000001                     PWM2_LoadDutyValue@dutyValue:
   129                           	callstack 0
   130   000001                     MSdelay@val:
   131                           	callstack 0
   132   000001                     ___lmul@multiplier:
   133                           	callstack 0
   134                           
   135                           ; 4 bytes @ 0x0
   136   000001                     	ds	2
   137   000003                     MSdelay@i:
   138                           	callstack 0
   139                           
   140                           ; 2 bytes @ 0x2
   141   000003                     	ds	2
   142   000005                     MSdelay@j:
   143                           	callstack 0
   144   000005                     ___lmul@multiplicand:
   145                           	callstack 0
   146                           
   147                           ; 4 bytes @ 0x4
   148   000005                     	ds	4
   149   000009                     ___lmul@product:
   150                           	callstack 0
   151                           
   152                           ; 4 bytes @ 0x8
   153   000009                     	ds	4
   154   00000D                     ?___lldiv:
   155                           	callstack 0
   156   00000D                     ___lldiv@dividend:
   157                           	callstack 0
   158                           
   159                           ; 4 bytes @ 0xC
   160   00000D                     	ds	4
   161   000011                     ___lldiv@divisor:
   162                           	callstack 0
   163                           
   164                           ; 4 bytes @ 0x10
   165   000011                     	ds	4
   166   000015                     ___lldiv@quotient:
   167                           	callstack 0
   168                           
   169                           ; 4 bytes @ 0x14
   170   000015                     	ds	4
   171   000019                     ___lldiv@counter:
   172                           	callstack 0
   173                           
   174                           ; 1 bytes @ 0x18
   175   000019                     	ds	1
   176   00001A                     ??_main:
   177                           
   178                           ; 1 bytes @ 0x19
   179   00001A                     	ds	2
   180                           
   181 ;;
   182 ;;Main: autosize = 0, tempsize = 2, incstack = 0, save=0
   183 ;;
   184 ;; *************** function _main *****************
   185 ;; Defined at:
   186 ;;		line 28 in file "Main.c"
   187 ;; Parameters:    Size  Location     Type
   188 ;;		None
   189 ;; Auto vars:     Size  Location     Type
   190 ;;		None
   191 ;; Return value:  Size  Location     Type
   192 ;;                  1    wreg      void 
   193 ;; Registers used:
   194 ;;		wreg, status,2, status,0, cstack
   195 ;; Tracked objects:
   196 ;;		On entry : 0/0
   197 ;;		On exit  : 0/0
   198 ;;		Unchanged: 0/0
   199 ;; Data sizes:     COMRAM   BANK0   BANK1   BANK2   BANK3   BANK4   BANK5   BANK6   BANK7   BANK8   BANK9  BANK10  BANK1
      +1  BANK12  BANK13  BANK14  BANK15  BANK16  BANK17  BANK18  BANK19  BANK20  BANK21  BANK22  BANK23  BANK24  BANK25  BANK2
      +6  BANK27  BANK28  BANK29  BANK30  BANK31
   200 ;;      Params:         0       0       0       0       0       0       0       0       0       0       0       0       
      +0       0       0       0       0       0       0       0       0       0       0       0       0       0       0       
      +0       0       0       0       0       0
   201 ;;      Locals:         0       0       0       0       0       0       0       0       0       0       0       0       
      +0       0       0       0       0       0       0       0       0       0       0       0       0       0       0       
      +0       0       0       0       0       0
   202 ;;      Temps:          2       0       0       0       0       0       0       0       0       0       0       0       
      +0       0       0       0       0       0       0       0       0       0       0       0       0       0       0       
      +0       0       0       0       0       0
   203 ;;      Totals:         2       0       0       0       0       0       0       0       0       0       0       0       
      +0       0       0       0       0       0       0       0       0       0       0       0       0       0       0       
      +0       0       0       0       0       0
   204 ;;Total ram usage:        2 bytes
   205 ;; Hardware stack levels required when called: 2
   206 ;; This function calls:
   207 ;;		_MSdelay
   208 ;;		_PWM2_Initialize
   209 ;;		_PWM2_LoadDutyValue
   210 ;;		_PWM2_OutputStatusGet
   211 ;;		_PWM_Output_D8_Enable
   212 ;;		_TMR2_Initialize
   213 ;;		_TMR2_StartTimer
   214 ;;		___lldiv
   215 ;;		___lmul
   216 ;; This function is called by:
   217 ;;		Startup code after reset
   218 ;; This function uses a non-reentrant model
   219 ;;
   220                           
   221                           	psect	text0
   222   002002                     __ptext0:
   223                           	callstack 0
   224   002002                     _main:
   225                           	callstack 29
   226   002002                     
   227                           ;Main.c: 29:     OSCSTATbits.HFOR =1;
   228   002002  0139               	movlb	57	; () banked
   229   002004  8DDC               	bsf	220,6,b	;volatile
   230   002006                     
   231                           ; BSR set to: 57
   232                           ;Main.c: 30:     OSCFRQ=0x02;
   233   002006  0E02               	movlw	2
   234   002008  6FDF               	movwf	223,b	;volatile
   235                           
   236                           ;Main.c: 32:     ANSELA = 0b00000000;
   237   00200A  0E00               	movlw	0
   238   00200C  013A               	movlb	58	; () banked
   239   00200E  6F40               	movwf	64,b	;volatile
   240   002010                     
   241                           ; BSR set to: 58
   242                           ;Main.c: 33:     TRISAbits.TRISA2= 0;
   243   002010  94C2               	bcf	194,2,c	;volatile
   244   002012                     
   245                           ; BSR set to: 58
   246                           ;Main.c: 34:     PORTAbits.RA2= 0;
   247   002012  94CA               	bcf	202,2,c	;volatile
   248   002014                     
   249                           ; BSR set to: 58
   250                           ;Main.c: 35:     TRISAbits.TRISA3 = 1;
   251   002014  86C2               	bsf	194,3,c	;volatile
   252   002016                     
   253                           ; BSR set to: 58
   254                           ;Main.c: 37:     TMR2_Initialize();
   255   002016  EC4D  F011         	call	_TMR2_Initialize	;wreg free
   256                           
   257                           ;Main.c: 38:     TMR2_StartTimer();
   258   00201A  EC88  F011         	call	_TMR2_StartTimer	;wreg free
   259   00201E                     l1035:
   260                           
   261                           ;Main.c: 41:     PWM2_INITIALIZE_DUTY_VALUE += 100;
   262   00201E  0E64               	movlw	100
   263   002020  2620               	addwf	_PWM2_INITIALIZE_DUTY_VALUE^0,f,c
   264   002022  0E00               	movlw	0
   265   002024  2221               	addwfc	(_PWM2_INITIALIZE_DUTY_VALUE+1)^0,f,c
   266   002026                     
   267                           ;Main.c: 43:     if (PWM2_INITIALIZE_DUTY_VALUE > 1000)
   268   002026  0EE9               	movlw	233
   269   002028  5C20               	subwf	_PWM2_INITIALIZE_DUTY_VALUE^0,w,c
   270   00202A  0E03               	movlw	3
   271   00202C  5821               	subwfb	(_PWM2_INITIALIZE_DUTY_VALUE+1)^0,w,c
   272   00202E  A0D8               	btfss	status,0,c
   273   002030  EF1C  F010         	goto	u241
   274   002034  EF1E  F010         	goto	u240
   275   002038                     u241:
   276   002038  EF22  F010         	goto	l1041
   277   00203C                     u240:
   278   00203C                     
   279                           ;Main.c: 44:         PWM2_INITIALIZE_DUTY_VALUE = 100;
   280   00203C  0E00               	movlw	0
   281   00203E  6E21               	movwf	(_PWM2_INITIALIZE_DUTY_VALUE+1)^0,c
   282   002040  0E64               	movlw	100
   283   002042  6E20               	movwf	_PWM2_INITIALIZE_DUTY_VALUE^0,c
   284   002044                     l1041:
   285                           
   286                           ;Main.c: 46:     PWM_Output_D8_Enable();
   287   002044  EC5B  F011         	call	_PWM_Output_D8_Enable	;wreg free
   288   002048                     
   289                           ;Main.c: 47:     PWM2_Initialize();
   290   002048  EC69  F011         	call	_PWM2_Initialize	;wreg free
   291   00204C                     
   292                           ;Main.c: 48:     PWM2_LoadDutyValue(PWM2_INITIALIZE_DUTY_VALUE );
   293   00204C  C020  F001         	movff	_PWM2_INITIALIZE_DUTY_VALUE,PWM2_LoadDutyValue@dutyValue
   294   002050  C021  F002         	movff	_PWM2_INITIALIZE_DUTY_VALUE+1,PWM2_LoadDutyValue@dutyValue+1
   295   002054  EC35  F011         	call	_PWM2_LoadDutyValue	;wreg free
   296   002058                     
   297                           ;Main.c: 53:     checkdutyCycle =(uint16_t)((100UL*PWM2_INITIALIZE_DUTY_VALUE)/(4*(T2PR+
      +                          1)));
   298   002058  C020  F001         	movff	_PWM2_INITIALIZE_DUTY_VALUE,___lmul@multiplier
   299   00205C  C021  F002         	movff	_PWM2_INITIALIZE_DUTY_VALUE+1,___lmul@multiplier+1
   300   002060  6A03               	clrf	(___lmul@multiplier+2)^0,c
   301   002062  6A04               	clrf	(___lmul@multiplier+3)^0,c
   302   002064  0E64               	movlw	100
   303   002066  6E05               	movwf	___lmul@multiplicand^0,c
   304   002068  0E00               	movlw	0
   305   00206A  6E06               	movwf	(___lmul@multiplicand+1)^0,c
   306   00206C  0E00               	movlw	0
   307   00206E  6E07               	movwf	(___lmul@multiplicand+2)^0,c
   308   002070  0E00               	movlw	0
   309   002072  6E08               	movwf	(___lmul@multiplicand+3)^0,c
   310   002074  ECDB  F010         	call	___lmul	;wreg free
   311   002078  C001  F00D         	movff	?___lmul,___lldiv@dividend
   312   00207C  C002  F00E         	movff	?___lmul+1,___lldiv@dividend+1
   313   002080  C003  F00F         	movff	?___lmul+2,___lldiv@dividend+2
   314   002084  C004  F010         	movff	?___lmul+3,___lldiv@dividend+3
   315   002088  50AB               	movf	171,w,c	;volatile
   316   00208A  6E1A               	movwf	??_main^0,c
   317   00208C  6A1B               	clrf	(??_main+1)^0,c
   318   00208E  90D8               	bcf	status,0,c
   319   002090  361A               	rlcf	??_main^0,f,c
   320   002092  361B               	rlcf	(??_main+1)^0,f,c
   321   002094  90D8               	bcf	status,0,c
   322   002096  361A               	rlcf	??_main^0,f,c
   323   002098  361B               	rlcf	(??_main+1)^0,f,c
   324   00209A  0E04               	movlw	4
   325   00209C  261A               	addwf	??_main^0,f,c
   326   00209E  0E00               	movlw	0
   327   0020A0  221B               	addwfc	(??_main+1)^0,f,c
   328   0020A2  C01A  F011         	movff	??_main,___lldiv@divisor
   329   0020A6  C01B  F012         	movff	??_main+1,___lldiv@divisor+1
   330   0020AA  0E00               	movlw	0
   331   0020AC  BE12               	btfsc	(___lldiv@divisor+1)^0,7,c
   332   0020AE  0EFF               	movlw	-1
   333   0020B0  6E13               	movwf	(___lldiv@divisor+2)^0,c
   334   0020B2  6E14               	movwf	(___lldiv@divisor+3)^0,c
   335   0020B4  EC89  F010         	call	___lldiv	;wreg free
   336   0020B8  C00D  F01C         	movff	?___lldiv,_checkdutyCycle
   337   0020BC  C00E  F01D         	movff	?___lldiv+1,_checkdutyCycle+1
   338   0020C0                     
   339                           ;Main.c: 55:     preScale = ((T2CON >> 4) & (0x0F));
   340   0020C0  38AC               	swapf	172,w,c	;volatile
   341   0020C2  0B0F               	andlw	15
   342   0020C4  0B0F               	andlw	15
   343   0020C6  6E1F               	movwf	_preScale^0,c
   344   0020C8                     
   345                           ;Main.c: 56:     MSdelay(500);
   346   0020C8  0E01               	movlw	1
   347   0020CA  6E02               	movwf	(MSdelay@val+1)^0,c
   348   0020CC  0EF4               	movlw	244
   349   0020CE  6E01               	movwf	MSdelay@val^0,c
   350   0020D0  EC10  F011         	call	_MSdelay	;wreg free
   351                           
   352                           ;Main.c: 57:     while (PORTAbits.RA3 == 0) {
   353   0020D4  EF7E  F010         	goto	l1063
   354   0020D8                     l1053:
   355                           
   356                           ;Main.c: 58:         pwmStatus = PWM2_OutputStatusGet();
   357   0020D8  EC75  F011         	call	_PWM2_OutputStatusGet	;wreg free
   358   0020DC  6E1E               	movwf	_pwmStatus^0,c
   359   0020DE                     
   360                           ;Main.c: 59:         PORTAbits.RA2 = pwmStatus;
   361   0020DE  B01E               	btfsc	_pwmStatus^0,0,c
   362   0020E0  D002               	bra	u255
   363   0020E2  94CA               	bcf	202,2,c	;volatile
   364   0020E4  D001               	bra	u256
   365   0020E6                     u255:
   366   0020E6  84CA               	bsf	202,2,c	;volatile
   367   0020E8                     u256:
   368   0020E8                     
   369                           ;Main.c: 61:         if (PIR4bits.TMR2IF == 1) {
   370   0020E8  0139               	movlb	57	; () banked
   371   0020EA  A5A4               	btfss	164,2,b	;volatile
   372   0020EC  EF7A  F010         	goto	u261
   373   0020F0  EF7C  F010         	goto	u260
   374   0020F4                     u261:
   375   0020F4  EF7E  F010         	goto	l1063
   376   0020F8                     u260:
   377   0020F8                     
   378                           ; BSR set to: 57
   379                           ;Main.c: 62:             PIR4bits.TMR2IF = 0;
   380   0020F8  95A4               	bcf	164,2,b	;volatile
   381   0020FA                     
   382                           ; BSR set to: 57
   383                           ;Main.c: 63:             PORTAbits.RA1 ^= 1;
   384   0020FA  72CA               	btg	202,1,c	;volatile
   385   0020FC                     l1063:
   386                           
   387                           ;Main.c: 57:     while (PORTAbits.RA3 == 0) {
   388   0020FC  A6CA               	btfss	202,3,c	;volatile
   389   0020FE  EF83  F010         	goto	u271
   390   002102  EF85  F010         	goto	u270
   391   002106                     u271:
   392   002106  EF6C  F010         	goto	l1053
   393   00210A                     u270:
   394   00210A  EF0F  F010         	goto	l1035
   395   00210E  EFFE  F0FF         	goto	start
   396   002112                     __end_of_main:
   397                           	callstack 0
   398                           
   399 ;; *************** function ___lmul *****************
   400 ;; Defined at:
   401 ;;		line 15 in file "C:\Program Files\Microchip\xc8\v2.46\pic\sources\c99\common\Umul32.c"
   402 ;; Parameters:    Size  Location     Type
   403 ;;  multiplier      4    0[COMRAM] unsigned long 
   404 ;;  multiplicand    4    4[COMRAM] unsigned long 
   405 ;; Auto vars:     Size  Location     Type
   406 ;;  product         4    8[COMRAM] unsigned long 
   407 ;; Return value:  Size  Location     Type
   408 ;;                  4    0[COMRAM] unsigned long 
   409 ;; Registers used:
   410 ;;		wreg, status,2, status,0
   411 ;; Tracked objects:
   412 ;;		On entry : 0/0
   413 ;;		On exit  : 0/0
   414 ;;		Unchanged: 0/0
   415 ;; Data sizes:     COMRAM   BANK0   BANK1   BANK2   BANK3   BANK4   BANK5   BANK6   BANK7   BANK8   BANK9  BANK10  BANK1
      +1  BANK12  BANK13  BANK14  BANK15  BANK16  BANK17  BANK18  BANK19  BANK20  BANK21  BANK22  BANK23  BANK24  BANK25  BANK2
      +6  BANK27  BANK28  BANK29  BANK30  BANK31
   416 ;;      Params:         8       0       0       0       0       0       0       0       0       0       0       0       
      +0       0       0       0       0       0       0       0       0       0       0       0       0       0       0       
      +0       0       0       0       0       0
   417 ;;      Locals:         4       0       0       0       0       0       0       0       0       0       0       0       
      +0       0       0       0       0       0       0       0       0       0       0       0       0       0       0       
      +0       0       0       0       0       0
   418 ;;      Temps:          0       0       0       0       0       0       0       0       0       0       0       0       
      +0       0       0       0       0       0       0       0       0       0       0       0       0       0       0       
      +0       0       0       0       0       0
   419 ;;      Totals:        12       0       0       0       0       0       0       0       0       0       0       0       
      +0       0       0       0       0       0       0       0       0       0       0       0       0       0       0       
      +0       0       0       0       0       0
   420 ;;Total ram usage:       12 bytes
   421 ;; Hardware stack levels used: 1
   422 ;; This function calls:
   423 ;;		Nothing
   424 ;; This function is called by:
   425 ;;		_main
   426 ;; This function uses a non-reentrant model
   427 ;;
   428                           
   429                           	psect	text1
   430   0021B6                     __ptext1:
   431                           	callstack 0
   432   0021B6                     ___lmul:
   433                           	callstack 30
   434   0021B6  0E00               	movlw	0
   435   0021B8  6E09               	movwf	___lmul@product^0,c
   436   0021BA  0E00               	movlw	0
   437   0021BC  6E0A               	movwf	(___lmul@product+1)^0,c
   438   0021BE  0E00               	movlw	0
   439   0021C0  6E0B               	movwf	(___lmul@product+2)^0,c
   440   0021C2  0E00               	movlw	0
   441   0021C4  6E0C               	movwf	(___lmul@product+3)^0,c
   442   0021C6                     l993:
   443   0021C6  A001               	btfss	___lmul@multiplier^0,0,c
   444   0021C8  EFE8  F010         	goto	u191
   445   0021CC  EFEA  F010         	goto	u190
   446   0021D0                     u191:
   447   0021D0  EFF2  F010         	goto	l997
   448   0021D4                     u190:
   449   0021D4  5005               	movf	___lmul@multiplicand^0,w,c
   450   0021D6  2609               	addwf	___lmul@product^0,f,c
   451   0021D8  5006               	movf	(___lmul@multiplicand+1)^0,w,c
   452   0021DA  220A               	addwfc	(___lmul@product+1)^0,f,c
   453   0021DC  5007               	movf	(___lmul@multiplicand+2)^0,w,c
   454   0021DE  220B               	addwfc	(___lmul@product+2)^0,f,c
   455   0021E0  5008               	movf	(___lmul@multiplicand+3)^0,w,c
   456   0021E2  220C               	addwfc	(___lmul@product+3)^0,f,c
   457   0021E4                     l997:
   458   0021E4  90D8               	bcf	status,0,c
   459   0021E6  3605               	rlcf	___lmul@multiplicand^0,f,c
   460   0021E8  3606               	rlcf	(___lmul@multiplicand+1)^0,f,c
   461   0021EA  3607               	rlcf	(___lmul@multiplicand+2)^0,f,c
   462   0021EC  3608               	rlcf	(___lmul@multiplicand+3)^0,f,c
   463   0021EE  90D8               	bcf	status,0,c
   464   0021F0  3204               	rrcf	(___lmul@multiplier+3)^0,f,c
   465   0021F2  3203               	rrcf	(___lmul@multiplier+2)^0,f,c
   466   0021F4  3202               	rrcf	(___lmul@multiplier+1)^0,f,c
   467   0021F6  3201               	rrcf	___lmul@multiplier^0,f,c
   468   0021F8  5001               	movf	___lmul@multiplier^0,w,c
   469   0021FA  1002               	iorwf	(___lmul@multiplier+1)^0,w,c
   470   0021FC  1003               	iorwf	(___lmul@multiplier+2)^0,w,c
   471   0021FE  1004               	iorwf	(___lmul@multiplier+3)^0,w,c
   472   002200  A4D8               	btfss	status,2,c
   473   002202  EF05  F011         	goto	u201
   474   002206  EF07  F011         	goto	u200
   475   00220A                     u201:
   476   00220A  EFE3  F010         	goto	l993
   477   00220E                     u200:
   478   00220E  C009  F001         	movff	___lmul@product,?___lmul
   479   002212  C00A  F002         	movff	___lmul@product+1,?___lmul+1
   480   002216  C00B  F003         	movff	___lmul@product+2,?___lmul+2
   481   00221A  C00C  F004         	movff	___lmul@product+3,?___lmul+3
   482   00221E  0012               	return		;funcret
   483   002220                     __end_of___lmul:
   484                           	callstack 0
   485                           
   486 ;; *************** function ___lldiv *****************
   487 ;; Defined at:
   488 ;;		line 7 in file "C:\Program Files\Microchip\xc8\v2.46\pic\sources\c99\common\__lldiv.c"
   489 ;; Parameters:    Size  Location     Type
   490 ;;  dividend        4   12[COMRAM] unsigned long 
   491 ;;  divisor         4   16[COMRAM] unsigned long 
   492 ;; Auto vars:     Size  Location     Type
   493 ;;  quotient        4   20[COMRAM] unsigned long 
   494 ;;  counter         1   24[COMRAM] unsigned char 
   495 ;; Return value:  Size  Location     Type
   496 ;;                  4   12[COMRAM] unsigned long 
   497 ;; Registers used:
   498 ;;		wreg, status,2, status,0
   499 ;; Tracked objects:
   500 ;;		On entry : 0/0
   501 ;;		On exit  : 0/0
   502 ;;		Unchanged: 0/0
   503 ;; Data sizes:     COMRAM   BANK0   BANK1   BANK2   BANK3   BANK4   BANK5   BANK6   BANK7   BANK8   BANK9  BANK10  BANK1
      +1  BANK12  BANK13  BANK14  BANK15  BANK16  BANK17  BANK18  BANK19  BANK20  BANK21  BANK22  BANK23  BANK24  BANK25  BANK2
      +6  BANK27  BANK28  BANK29  BANK30  BANK31
   504 ;;      Params:         8       0       0       0       0       0       0       0       0       0       0       0       
      +0       0       0       0       0       0       0       0       0       0       0       0       0       0       0       
      +0       0       0       0       0       0
   505 ;;      Locals:         5       0       0       0       0       0       0       0       0       0       0       0       
      +0       0       0       0       0       0       0       0       0       0       0       0       0       0       0       
      +0       0       0       0       0       0
   506 ;;      Temps:          0       0       0       0       0       0       0       0       0       0       0       0       
      +0       0       0       0       0       0       0       0       0       0       0       0       0       0       0       
      +0       0       0       0       0       0
   507 ;;      Totals:        13       0       0       0       0       0       0       0       0       0       0       0       
      +0       0       0       0       0       0       0       0       0       0       0       0       0       0       0       
      +0       0       0       0       0       0
   508 ;;Total ram usage:       13 bytes
   509 ;; Hardware stack levels used: 1
   510 ;; This function calls:
   511 ;;		Nothing
   512 ;; This function is called by:
   513 ;;		_main
   514 ;; This function uses a non-reentrant model
   515 ;;
   516                           
   517                           	psect	text2
   518   002112                     __ptext2:
   519                           	callstack 0
   520   002112                     ___lldiv:
   521                           	callstack 30
   522   002112  0E00               	movlw	0
   523   002114  6E15               	movwf	___lldiv@quotient^0,c
   524   002116  0E00               	movlw	0
   525   002118  6E16               	movwf	(___lldiv@quotient+1)^0,c
   526   00211A  0E00               	movlw	0
   527   00211C  6E17               	movwf	(___lldiv@quotient+2)^0,c
   528   00211E  0E00               	movlw	0
   529   002120  6E18               	movwf	(___lldiv@quotient+3)^0,c
   530   002122  5011               	movf	___lldiv@divisor^0,w,c
   531   002124  1012               	iorwf	(___lldiv@divisor+1)^0,w,c
   532   002126  1013               	iorwf	(___lldiv@divisor+2)^0,w,c
   533   002128  1014               	iorwf	(___lldiv@divisor+3)^0,w,c
   534   00212A  B4D8               	btfsc	status,2,c
   535   00212C  EF9A  F010         	goto	u211
   536   002130  EF9C  F010         	goto	u210
   537   002134                     u211:
   538   002134  EFD2  F010         	goto	l159
   539   002138                     u210:
   540   002138  0E01               	movlw	1
   541   00213A  6E19               	movwf	___lldiv@counter^0,c
   542   00213C  EFA6  F010         	goto	l1009
   543   002140                     l1007:
   544   002140  90D8               	bcf	status,0,c
   545   002142  3611               	rlcf	___lldiv@divisor^0,f,c
   546   002144  3612               	rlcf	(___lldiv@divisor+1)^0,f,c
   547   002146  3613               	rlcf	(___lldiv@divisor+2)^0,f,c
   548   002148  3614               	rlcf	(___lldiv@divisor+3)^0,f,c
   549   00214A  2A19               	incf	___lldiv@counter^0,f,c
   550   00214C                     l1009:
   551   00214C  AE14               	btfss	(___lldiv@divisor+3)^0,7,c
   552   00214E  EFAB  F010         	goto	u221
   553   002152  EFAD  F010         	goto	u220
   554   002156                     u221:
   555   002156  EFA0  F010         	goto	l1007
   556   00215A                     u220:
   557   00215A                     l1011:
   558   00215A  90D8               	bcf	status,0,c
   559   00215C  3615               	rlcf	___lldiv@quotient^0,f,c
   560   00215E  3616               	rlcf	(___lldiv@quotient+1)^0,f,c
   561   002160  3617               	rlcf	(___lldiv@quotient+2)^0,f,c
   562   002162  3618               	rlcf	(___lldiv@quotient+3)^0,f,c
   563   002164  5011               	movf	___lldiv@divisor^0,w,c
   564   002166  5C0D               	subwf	___lldiv@dividend^0,w,c
   565   002168  5012               	movf	(___lldiv@divisor+1)^0,w,c
   566   00216A  580E               	subwfb	(___lldiv@dividend+1)^0,w,c
   567   00216C  5013               	movf	(___lldiv@divisor+2)^0,w,c
   568   00216E  580F               	subwfb	(___lldiv@dividend+2)^0,w,c
   569   002170  5014               	movf	(___lldiv@divisor+3)^0,w,c
   570   002172  5810               	subwfb	(___lldiv@dividend+3)^0,w,c
   571   002174  A0D8               	btfss	status,0,c
   572   002176  EFBF  F010         	goto	u231
   573   00217A  EFC1  F010         	goto	u230
   574   00217E                     u231:
   575   00217E  EFCA  F010         	goto	l1019
   576   002182                     u230:
   577   002182  5011               	movf	___lldiv@divisor^0,w,c
   578   002184  5E0D               	subwf	___lldiv@dividend^0,f,c
   579   002186  5012               	movf	(___lldiv@divisor+1)^0,w,c
   580   002188  5A0E               	subwfb	(___lldiv@dividend+1)^0,f,c
   581   00218A  5013               	movf	(___lldiv@divisor+2)^0,w,c
   582   00218C  5A0F               	subwfb	(___lldiv@dividend+2)^0,f,c
   583   00218E  5014               	movf	(___lldiv@divisor+3)^0,w,c
   584   002190  5A10               	subwfb	(___lldiv@dividend+3)^0,f,c
   585   002192  8015               	bsf	___lldiv@quotient^0,0,c
   586   002194                     l1019:
   587   002194  90D8               	bcf	status,0,c
   588   002196  3214               	rrcf	(___lldiv@divisor+3)^0,f,c
   589   002198  3213               	rrcf	(___lldiv@divisor+2)^0,f,c
   590   00219A  3212               	rrcf	(___lldiv@divisor+1)^0,f,c
   591   00219C  3211               	rrcf	___lldiv@divisor^0,f,c
   592   00219E  2E19               	decfsz	___lldiv@counter^0,f,c
   593   0021A0  EFAD  F010         	goto	l1011
   594   0021A4                     l159:
   595   0021A4  C015  F00D         	movff	___lldiv@quotient,?___lldiv
   596   0021A8  C016  F00E         	movff	___lldiv@quotient+1,?___lldiv+1
   597   0021AC  C017  F00F         	movff	___lldiv@quotient+2,?___lldiv+2
   598   0021B0  C018  F010         	movff	___lldiv@quotient+3,?___lldiv+3
   599   0021B4  0012               	return		;funcret
   600   0021B6                     __end_of___lldiv:
   601                           	callstack 0
   602                           
   603 ;; *************** function _TMR2_StartTimer *****************
   604 ;; Defined at:
   605 ;;		line 67 in file "./PWM.h"
   606 ;; Parameters:    Size  Location     Type
   607 ;;		None
   608 ;; Auto vars:     Size  Location     Type
   609 ;;		None
   610 ;; Return value:  Size  Location     Type
   611 ;;                  1    wreg      void 
   612 ;; Registers used:
   613 ;;		cstack
   614 ;; Tracked objects:
   615 ;;		On entry : 0/0
   616 ;;		On exit  : 0/0
   617 ;;		Unchanged: 0/0
   618 ;; Data sizes:     COMRAM   BANK0   BANK1   BANK2   BANK3   BANK4   BANK5   BANK6   BANK7   BANK8   BANK9  BANK10  BANK1
      +1  BANK12  BANK13  BANK14  BANK15  BANK16  BANK17  BANK18  BANK19  BANK20  BANK21  BANK22  BANK23  BANK24  BANK25  BANK2
      +6  BANK27  BANK28  BANK29  BANK30  BANK31
   619 ;;      Params:         0       0       0       0       0       0       0       0       0       0       0       0       
      +0       0       0       0       0       0       0       0       0       0       0       0       0       0       0       
      +0       0       0       0       0       0
   620 ;;      Locals:         0       0       0       0       0       0       0       0       0       0       0       0       
      +0       0       0       0       0       0       0       0       0       0       0       0       0       0       0       
      +0       0       0       0       0       0
   621 ;;      Temps:          0       0       0       0       0       0       0       0       0       0       0       0       
      +0       0       0       0       0       0       0       0       0       0       0       0       0       0       0       
      +0       0       0       0       0       0
   622 ;;      Totals:         0       0       0       0       0       0       0       0       0       0       0       0       
      +0       0       0       0       0       0       0       0       0       0       0       0       0       0       0       
      +0       0       0       0       0       0
   623 ;;Total ram usage:        0 bytes
   624 ;; Hardware stack levels used: 1
   625 ;; Hardware stack levels required when called: 1
   626 ;; This function calls:
   627 ;;		_TMR2_Start
   628 ;; This function is called by:
   629 ;;		_main
   630 ;; This function uses a non-reentrant model
   631 ;;
   632                           
   633                           	psect	text3
   634   002310                     __ptext3:
   635                           	callstack 0
   636   002310                     _TMR2_StartTimer:
   637                           	callstack 29
   638   002310                     
   639                           ;./PWM.h: 69:     TMR2_Start();
   640   002310  EC8B  F011         	call	_TMR2_Start	;wreg free
   641   002314  0012               	return		;funcret
   642   002316                     __end_of_TMR2_StartTimer:
   643                           	callstack 0
   644                           
   645 ;; *************** function _TMR2_Start *****************
   646 ;; Defined at:
   647 ;;		line 61 in file "./PWM.h"
   648 ;; Parameters:    Size  Location     Type
   649 ;;		None
   650 ;; Auto vars:     Size  Location     Type
   651 ;;		None
   652 ;; Return value:  Size  Location     Type
   653 ;;                  1    wreg      void 
   654 ;; Registers used:
   655 ;;		None
   656 ;; Tracked objects:
   657 ;;		On entry : 0/0
   658 ;;		On exit  : 0/0
   659 ;;		Unchanged: 0/0
   660 ;; Data sizes:     COMRAM   BANK0   BANK1   BANK2   BANK3   BANK4   BANK5   BANK6   BANK7   BANK8   BANK9  BANK10  BANK1
      +1  BANK12  BANK13  BANK14  BANK15  BANK16  BANK17  BANK18  BANK19  BANK20  BANK21  BANK22  BANK23  BANK24  BANK25  BANK2
      +6  BANK27  BANK28  BANK29  BANK30  BANK31
   661 ;;      Params:         0       0       0       0       0       0       0       0       0       0       0       0       
      +0       0       0       0       0       0       0       0       0       0       0       0       0       0       0       
      +0       0       0       0       0       0
   662 ;;      Locals:         0       0       0       0       0       0       0       0       0       0       0       0       
      +0       0       0       0       0       0       0       0       0       0       0       0       0       0       0       
      +0       0       0       0       0       0
   663 ;;      Temps:          0       0       0       0       0       0       0       0       0       0       0       0       
      +0       0       0       0       0       0       0       0       0       0       0       0       0       0       0       
      +0       0       0       0       0       0
   664 ;;      Totals:         0       0       0       0       0       0       0       0       0       0       0       0       
      +0       0       0       0       0       0       0       0       0       0       0       0       0       0       0       
      +0       0       0       0       0       0
   665 ;;Total ram usage:        0 bytes
   666 ;; Hardware stack levels used: 1
   667 ;; This function calls:
   668 ;;		Nothing
   669 ;; This function is called by:
   670 ;;		_TMR2_StartTimer
   671 ;; This function uses a non-reentrant model
   672 ;;
   673                           
   674                           	psect	text4
   675   002316                     __ptext4:
   676                           	callstack 0
   677   002316                     _TMR2_Start:
   678                           	callstack 29
   679   002316                     
   680                           ;./PWM.h: 64:     T2CONbits.TMR2ON = 1;
   681   002316  8EAC               	bsf	172,7,c	;volatile
   682   002318  0012               	return		;funcret
   683   00231A                     __end_of_TMR2_Start:
   684                           	callstack 0
   685                           
   686 ;; *************** function _TMR2_Initialize *****************
   687 ;; Defined at:
   688 ;;		line 23 in file "./PWM.h"
   689 ;; Parameters:    Size  Location     Type
   690 ;;		None
   691 ;; Auto vars:     Size  Location     Type
   692 ;;		None
   693 ;; Return value:  Size  Location     Type
   694 ;;                  1    wreg      void 
   695 ;; Registers used:
   696 ;;		wreg, status,2
   697 ;; Tracked objects:
   698 ;;		On entry : 0/0
   699 ;;		On exit  : 0/0
   700 ;;		Unchanged: 0/0
   701 ;; Data sizes:     COMRAM   BANK0   BANK1   BANK2   BANK3   BANK4   BANK5   BANK6   BANK7   BANK8   BANK9  BANK10  BANK1
      +1  BANK12  BANK13  BANK14  BANK15  BANK16  BANK17  BANK18  BANK19  BANK20  BANK21  BANK22  BANK23  BANK24  BANK25  BANK2
      +6  BANK27  BANK28  BANK29  BANK30  BANK31
   702 ;;      Params:         0       0       0       0       0       0       0       0       0       0       0       0       
      +0       0       0       0       0       0       0       0       0       0       0       0       0       0       0       
      +0       0       0       0       0       0
   703 ;;      Locals:         0       0       0       0       0       0       0       0       0       0       0       0       
      +0       0       0       0       0       0       0       0       0       0       0       0       0       0       0       
      +0       0       0       0       0       0
   704 ;;      Temps:          0       0       0       0       0       0       0       0       0       0       0       0       
      +0       0       0       0       0       0       0       0       0       0       0       0       0       0       0       
      +0       0       0       0       0       0
   705 ;;      Totals:         0       0       0       0       0       0       0       0       0       0       0       0       
      +0       0       0       0       0       0       0       0       0       0       0       0       0       0       0       
      +0       0       0       0       0       0
   706 ;;Total ram usage:        0 bytes
   707 ;; Hardware stack levels used: 1
   708 ;; This function calls:
   709 ;;		Nothing
   710 ;; This function is called by:
   711 ;;		_main
   712 ;; This function uses a non-reentrant model
   713 ;;
   714                           
   715                           	psect	text5
   716   00229A                     __ptext5:
   717                           	callstack 0
   718   00229A                     _TMR2_Initialize:
   719                           	callstack 30
   720   00229A                     
   721                           ;./PWM.h: 28:     T2CLKCON = 0x01;
   722   00229A  0E01               	movlw	1
   723   00229C  6EAE               	movwf	174,c	;volatile
   724                           
   725                           ;./PWM.h: 31:     T2HLT = 0x00;
   726   00229E  0E00               	movlw	0
   727   0022A0  6EAD               	movwf	173,c	;volatile
   728                           
   729                           ;./PWM.h: 34:     T2RST = 0x00;
   730   0022A2  0E00               	movlw	0
   731   0022A4  6EAF               	movwf	175,c	;volatile
   732   0022A6                     
   733                           ;./PWM.h: 37:     T2PR = 0xFF;
   734   0022A6  68AB               	setf	171,c	;volatile
   735                           
   736                           ;./PWM.h: 40:     T2TMR = 0x00;
   737   0022A8  0E00               	movlw	0
   738   0022AA  6EAA               	movwf	170,c	;volatile
   739   0022AC                     
   740                           ;./PWM.h: 43:     PIR4bits.TMR2IF = 0;
   741   0022AC  0139               	movlb	57	; () banked
   742   0022AE  95A4               	bcf	164,2,b	;volatile
   743                           
   744                           ;./PWM.h: 46:     T2CON = 0xA0;
   745   0022B0  0EA0               	movlw	160
   746   0022B2  6EAC               	movwf	172,c	;volatile
   747   0022B4                     
   748                           ; BSR set to: 57
   749   0022B4  0012               	return		;funcret
   750   0022B6                     __end_of_TMR2_Initialize:
   751                           	callstack 0
   752                           
   753 ;; *************** function _PWM_Output_D8_Enable *****************
   754 ;; Defined at:
   755 ;;		line 135 in file "./PWM.h"
   756 ;; Parameters:    Size  Location     Type
   757 ;;		None
   758 ;; Auto vars:     Size  Location     Type
   759 ;;		None
   760 ;; Return value:  Size  Location     Type
   761 ;;                  1    wreg      void 
   762 ;; Registers used:
   763 ;;		wreg, status,2
   764 ;; Tracked objects:
   765 ;;		On entry : 0/0
   766 ;;		On exit  : 0/0
   767 ;;		Unchanged: 0/0
   768 ;; Data sizes:     COMRAM   BANK0   BANK1   BANK2   BANK3   BANK4   BANK5   BANK6   BANK7   BANK8   BANK9  BANK10  BANK1
      +1  BANK12  BANK13  BANK14  BANK15  BANK16  BANK17  BANK18  BANK19  BANK20  BANK21  BANK22  BANK23  BANK24  BANK25  BANK2
      +6  BANK27  BANK28  BANK29  BANK30  BANK31
   769 ;;      Params:         0       0       0       0       0       0       0       0       0       0       0       0       
      +0       0       0       0       0       0       0       0       0       0       0       0       0       0       0       
      +0       0       0       0       0       0
   770 ;;      Locals:         0       0       0       0       0       0       0       0       0       0       0       0       
      +0       0       0       0       0       0       0       0       0       0       0       0       0       0       0       
      +0       0       0       0       0       0
   771 ;;      Temps:          0       0       0       0       0       0       0       0       0       0       0       0       
      +0       0       0       0       0       0       0       0       0       0       0       0       0       0       0       
      +0       0       0       0       0       0
   772 ;;      Totals:         0       0       0       0       0       0       0       0       0       0       0       0       
      +0       0       0       0       0       0       0       0       0       0       0       0       0       0       0       
      +0       0       0       0       0       0
   773 ;;Total ram usage:        0 bytes
   774 ;; Hardware stack levels used: 1
   775 ;; This function calls:
   776 ;;		Nothing
   777 ;; This function is called by:
   778 ;;		_main
   779 ;; This function uses a non-reentrant model
   780 ;;
   781                           
   782                           	psect	text6
   783   0022B6                     __ptext6:
   784                           	callstack 0
   785   0022B6                     _PWM_Output_D8_Enable:
   786                           	callstack 30
   787   0022B6                     
   788                           ;./PWM.h: 136:     PPSLOCK = 0x55;
   789   0022B6  0E55               	movlw	85
   790   0022B8  013A               	movlb	58	; () banked
   791   0022BA  6FBF               	movwf	191,b	;volsfr
   792                           
   793                           ;./PWM.h: 137:     PPSLOCK = 0xAA;
   794   0022BC  0EAA               	movlw	170
   795   0022BE  6FBF               	movwf	191,b	;volsfr
   796   0022C0                     
   797                           ; BSR set to: 58
   798                           ;./PWM.h: 138:     PPSLOCKbits.PPSLOCKED = 0x00;
   799   0022C0  91BF               	bcf	191,0,b	;volsfr
   800                           
   801                           ;./PWM.h: 141:     RB3PPS = 0x0A;
   802   0022C2  0E0A               	movlw	10
   803   0022C4  6F0B               	movwf	11,b	;volatile
   804                           
   805                           ;./PWM.h: 143:     PPSLOCK = 0x55;
   806   0022C6  0E55               	movlw	85
   807   0022C8  6FBF               	movwf	191,b	;volsfr
   808                           
   809                           ;./PWM.h: 144:     PPSLOCK = 0xAA;
   810   0022CA  0EAA               	movlw	170
   811   0022CC  6FBF               	movwf	191,b	;volsfr
   812   0022CE                     
   813                           ; BSR set to: 58
   814                           ;./PWM.h: 145:     PPSLOCKbits.PPSLOCKED = 0x01;
   815   0022CE  81BF               	bsf	191,0,b	;volsfr
   816   0022D0                     
   817                           ; BSR set to: 58
   818   0022D0  0012               	return		;funcret
   819   0022D2                     __end_of_PWM_Output_D8_Enable:
   820                           	callstack 0
   821                           
   822 ;; *************** function _PWM2_OutputStatusGet *****************
   823 ;; Defined at:
   824 ;;		line 198 in file "./PWM.h"
   825 ;; Parameters:    Size  Location     Type
   826 ;;		None
   827 ;; Auto vars:     Size  Location     Type
   828 ;;		None
   829 ;; Return value:  Size  Location     Type
   830 ;;                  1    wreg      _Bool 
   831 ;; Registers used:
   832 ;;		wreg
   833 ;; Tracked objects:
   834 ;;		On entry : 0/0
   835 ;;		On exit  : 0/0
   836 ;;		Unchanged: 0/0
   837 ;; Data sizes:     COMRAM   BANK0   BANK1   BANK2   BANK3   BANK4   BANK5   BANK6   BANK7   BANK8   BANK9  BANK10  BANK1
      +1  BANK12  BANK13  BANK14  BANK15  BANK16  BANK17  BANK18  BANK19  BANK20  BANK21  BANK22  BANK23  BANK24  BANK25  BANK2
      +6  BANK27  BANK28  BANK29  BANK30  BANK31
   838 ;;      Params:         0       0       0       0       0       0       0       0       0       0       0       0       
      +0       0       0       0       0       0       0       0       0       0       0       0       0       0       0       
      +0       0       0       0       0       0
   839 ;;      Locals:         0       0       0       0       0       0       0       0       0       0       0       0       
      +0       0       0       0       0       0       0       0       0       0       0       0       0       0       0       
      +0       0       0       0       0       0
   840 ;;      Temps:          0       0       0       0       0       0       0       0       0       0       0       0       
      +0       0       0       0       0       0       0       0       0       0       0       0       0       0       0       
      +0       0       0       0       0       0
   841 ;;      Totals:         0       0       0       0       0       0       0       0       0       0       0       0       
      +0       0       0       0       0       0       0       0       0       0       0       0       0       0       0       
      +0       0       0       0       0       0
   842 ;;Total ram usage:        0 bytes
   843 ;; Hardware stack levels used: 1
   844 ;; This function calls:
   845 ;;		Nothing
   846 ;; This function is called by:
   847 ;;		_main
   848 ;; This function uses a non-reentrant model
   849 ;;
   850                           
   851                           	psect	text7
   852   0022EA                     __ptext7:
   853                           	callstack 0
   854   0022EA                     _PWM2_OutputStatusGet:
   855                           	callstack 30
   856   0022EA                     
   857                           ;./PWM.h: 201:     return(CCP2CONbits.OUT);
   858   0022EA  BA7A               	btfsc	122,5,c	;volatile
   859   0022EC  EF7A  F011         	goto	u31
   860   0022F0  EF7D  F011         	goto	u30
   861   0022F4                     u31:
   862   0022F4  0E01               	movlw	1
   863   0022F6  EF7E  F011         	goto	u36
   864   0022FA                     u30:
   865   0022FA  0E00               	movlw	0
   866   0022FC                     u36:
   867   0022FC  0012               	return		;funcret
   868   0022FE                     __end_of_PWM2_OutputStatusGet:
   869                           	callstack 0
   870                           
   871 ;; *************** function _PWM2_LoadDutyValue *****************
   872 ;; Defined at:
   873 ;;		line 180 in file "./PWM.h"
   874 ;; Parameters:    Size  Location     Type
   875 ;;  dutyValue       2    0[COMRAM] unsigned short 
   876 ;; Auto vars:     Size  Location     Type
   877 ;;		None
   878 ;; Return value:  Size  Location     Type
   879 ;;                  1    wreg      void 
   880 ;; Registers used:
   881 ;;		wreg, status,2, status,0
   882 ;; Tracked objects:
   883 ;;		On entry : 0/0
   884 ;;		On exit  : 0/0
   885 ;;		Unchanged: 0/0
   886 ;; Data sizes:     COMRAM   BANK0   BANK1   BANK2   BANK3   BANK4   BANK5   BANK6   BANK7   BANK8   BANK9  BANK10  BANK1
      +1  BANK12  BANK13  BANK14  BANK15  BANK16  BANK17  BANK18  BANK19  BANK20  BANK21  BANK22  BANK23  BANK24  BANK25  BANK2
      +6  BANK27  BANK28  BANK29  BANK30  BANK31
   887 ;;      Params:         2       0       0       0       0       0       0       0       0       0       0       0       
      +0       0       0       0       0       0       0       0       0       0       0       0       0       0       0       
      +0       0       0       0       0       0
   888 ;;      Locals:         0       0       0       0       0       0       0       0       0       0       0       0       
      +0       0       0       0       0       0       0       0       0       0       0       0       0       0       0       
      +0       0       0       0       0       0
   889 ;;      Temps:          0       0       0       0       0       0       0       0       0       0       0       0       
      +0       0       0       0       0       0       0       0       0       0       0       0       0       0       0       
      +0       0       0       0       0       0
   890 ;;      Totals:         2       0       0       0       0       0       0       0       0       0       0       0       
      +0       0       0       0       0       0       0       0       0       0       0       0       0       0       0       
      +0       0       0       0       0       0
   891 ;;Total ram usage:        2 bytes
   892 ;; Hardware stack levels used: 1
   893 ;; This function calls:
   894 ;;		Nothing
   895 ;; This function is called by:
   896 ;;		_main
   897 ;; This function uses a non-reentrant model
   898 ;;
   899                           
   900                           	psect	text8
   901   00226A                     __ptext8:
   902                           	callstack 0
   903   00226A                     _PWM2_LoadDutyValue:
   904                           	callstack 30
   905   00226A                     
   906                           ;./PWM.h: 180: void PWM2_LoadDutyValue(uint16_t dutyValue);./PWM.h: 181: {;./PWM.h: 182:
      +                               dutyValue &= 0x03FF;
   907   00226A  0EFF               	movlw	255
   908   00226C  1601               	andwf	PWM2_LoadDutyValue@dutyValue^0,f,c
   909   00226E  0E03               	movlw	3
   910   002270  1602               	andwf	(PWM2_LoadDutyValue@dutyValue+1)^0,f,c
   911   002272                     
   912                           ;./PWM.h: 185:     if(CCP2CONbits.FMT)
   913   002272  A87A               	btfss	122,4,c	;volatile
   914   002274  EF3E  F011         	goto	u151
   915   002278  EF40  F011         	goto	u150
   916   00227C                     u151:
   917   00227C  EF47  F011         	goto	l967
   918   002280                     u150:
   919   002280                     
   920                           ;./PWM.h: 186:     {;./PWM.h: 187:         dutyValue <<= 6;
   921   002280  0E06               	movlw	6
   922   002282                     u165:
   923   002282  90D8               	bcf	status,0,c
   924   002284  3601               	rlcf	PWM2_LoadDutyValue@dutyValue^0,f,c
   925   002286  3602               	rlcf	(PWM2_LoadDutyValue@dutyValue+1)^0,f,c
   926   002288  2EE8               	decfsz	wreg,f,c
   927   00228A  EF41  F011         	goto	u165
   928   00228E                     l967:
   929                           
   930                           ;./PWM.h: 188:         CCPR2H = dutyValue >> 8;
   931   00228E  5002               	movf	(PWM2_LoadDutyValue@dutyValue+1)^0,w,c
   932   002290  6E79               	movwf	121,c	;volatile
   933   002292                     
   934                           ;./PWM.h: 189:         CCPR2L = dutyValue;
   935   002292  0060  F007  FF78   	movff	PWM2_LoadDutyValue@dutyValue,16248	;volatile
   936   002298  0012               	return		;funcret
   937   00229A                     __end_of_PWM2_LoadDutyValue:
   938                           	callstack 0
   939                           
   940 ;; *************** function _PWM2_Initialize *****************
   941 ;; Defined at:
   942 ;;		line 163 in file "./PWM.h"
   943 ;; Parameters:    Size  Location     Type
   944 ;;		None
   945 ;; Auto vars:     Size  Location     Type
   946 ;;		None
   947 ;; Return value:  Size  Location     Type
   948 ;;                  1    wreg      void 
   949 ;; Registers used:
   950 ;;		wreg, status,2
   951 ;; Tracked objects:
   952 ;;		On entry : 0/0
   953 ;;		On exit  : 0/0
   954 ;;		Unchanged: 0/0
   955 ;; Data sizes:     COMRAM   BANK0   BANK1   BANK2   BANK3   BANK4   BANK5   BANK6   BANK7   BANK8   BANK9  BANK10  BANK1
      +1  BANK12  BANK13  BANK14  BANK15  BANK16  BANK17  BANK18  BANK19  BANK20  BANK21  BANK22  BANK23  BANK24  BANK25  BANK2
      +6  BANK27  BANK28  BANK29  BANK30  BANK31
   956 ;;      Params:         0       0       0       0       0       0       0       0       0       0       0       0       
      +0       0       0       0       0       0       0       0       0       0       0       0       0       0       0       
      +0       0       0       0       0       0
   957 ;;      Locals:         0       0       0       0       0       0       0       0       0       0       0       0       
      +0       0       0       0       0       0       0       0       0       0       0       0       0       0       0       
      +0       0       0       0       0       0
   958 ;;      Temps:          0       0       0       0       0       0       0       0       0       0       0       0       
      +0       0       0       0       0       0       0       0       0       0       0       0       0       0       0       
      +0       0       0       0       0       0
   959 ;;      Totals:         0       0       0       0       0       0       0       0       0       0       0       0       
      +0       0       0       0       0       0       0       0       0       0       0       0       0       0       0       
      +0       0       0       0       0       0
   960 ;;Total ram usage:        0 bytes
   961 ;; Hardware stack levels used: 1
   962 ;; This function calls:
   963 ;;		Nothing
   964 ;; This function is called by:
   965 ;;		_main
   966 ;; This function uses a non-reentrant model
   967 ;;
   968                           
   969                           	psect	text9
   970   0022D2                     __ptext9:
   971                           	callstack 0
   972   0022D2                     _PWM2_Initialize:
   973                           	callstack 30
   974   0022D2                     
   975                           ;./PWM.h: 168:  CCP2CON = 0x8C;
   976   0022D2  0E8C               	movlw	140
   977   0022D4  6E7A               	movwf	122,c	;volatile
   978                           
   979                           ;./PWM.h: 171:  CCPR2H = 0x0;
   980   0022D6  0E00               	movlw	0
   981   0022D8  6E79               	movwf	121,c	;volatile
   982                           
   983                           ;./PWM.h: 174:  CCPR2L = 0x0f;
   984   0022DA  0E0F               	movlw	15
   985   0022DC  6E78               	movwf	120,c	;volatile
   986                           
   987                           ;./PWM.h: 177:  CCPTMRS0bits.C2TSEL = 0x1;
   988   0022DE  013F               	movlb	63	; () banked
   989   0022E0  515E               	movf	94,w,b	;volatile
   990   0022E2  0BF3               	andlw	-13
   991   0022E4  0904               	iorlw	4
   992   0022E6  6F5E               	movwf	94,b	;volatile
   993   0022E8                     
   994                           ; BSR set to: 63
   995   0022E8  0012               	return		;funcret
   996   0022EA                     __end_of_PWM2_Initialize:
   997                           	callstack 0
   998                           
   999 ;; *************** function _MSdelay *****************
  1000 ;; Defined at:
  1001 ;;		line 204 in file "./PWM.h"
  1002 ;; Parameters:    Size  Location     Type
  1003 ;;  val             2    0[COMRAM] unsigned int 
  1004 ;; Auto vars:     Size  Location     Type
  1005 ;;  j               2    4[COMRAM] unsigned int 
  1006 ;;  i               2    2[COMRAM] unsigned int 
  1007 ;; Return value:  Size  Location     Type
  1008 ;;                  1    wreg      void 
  1009 ;; Registers used:
  1010 ;;		wreg, status,2, status,0
  1011 ;; Tracked objects:
  1012 ;;		On entry : 0/0
  1013 ;;		On exit  : 0/0
  1014 ;;		Unchanged: 0/0
  1015 ;; Data sizes:     COMRAM   BANK0   BANK1   BANK2   BANK3   BANK4   BANK5   BANK6   BANK7   BANK8   BANK9  BANK10  BANK1
      +1  BANK12  BANK13  BANK14  BANK15  BANK16  BANK17  BANK18  BANK19  BANK20  BANK21  BANK22  BANK23  BANK24  BANK25  BANK2
      +6  BANK27  BANK28  BANK29  BANK30  BANK31
  1016 ;;      Params:         2       0       0       0       0       0       0       0       0       0       0       0       
      +0       0       0       0       0       0       0       0       0       0       0       0       0       0       0       
      +0       0       0       0       0       0
  1017 ;;      Locals:         4       0       0       0       0       0       0       0       0       0       0       0       
      +0       0       0       0       0       0       0       0       0       0       0       0       0       0       0       
      +0       0       0       0       0       0
  1018 ;;      Temps:          0       0       0       0       0       0       0       0       0       0       0       0       
      +0       0       0       0       0       0       0       0       0       0       0       0       0       0       0       
      +0       0       0       0       0       0
  1019 ;;      Totals:         6       0       0       0       0       0       0       0       0       0       0       0       
      +0       0       0       0       0       0       0       0       0       0       0       0       0       0       0       
      +0       0       0       0       0       0
  1020 ;;Total ram usage:        6 bytes
  1021 ;; Hardware stack levels used: 1
  1022 ;; This function calls:
  1023 ;;		Nothing
  1024 ;; This function is called by:
  1025 ;;		_main
  1026 ;; This function uses a non-reentrant model
  1027 ;;
  1028                           
  1029                           	psect	text10
  1030   002220                     __ptext10:
  1031                           	callstack 0
  1032   002220                     _MSdelay:
  1033                           	callstack 30
  1034   002220                     
  1035                           ;./PWM.h: 204:  void MSdelay(unsigned int val);./PWM.h: 205: {;./PWM.h: 206:      unsign
      +                          ed int i,j;;./PWM.h: 207:         for(i=0;i<val;i++)
  1036   002220  0E00               	movlw	0
  1037   002222  6E04               	movwf	(MSdelay@i+1)^0,c
  1038   002224  0E00               	movlw	0
  1039   002226  6E03               	movwf	MSdelay@i^0,c
  1040   002228  EF29  F011         	goto	l989
  1041   00222C                     l977:
  1042                           
  1043                           ;./PWM.h: 208:             for(j=0;j<165;j++);
  1044   00222C  0E00               	movlw	0
  1045   00222E  6E06               	movwf	(MSdelay@j+1)^0,c
  1046   002230  0E00               	movlw	0
  1047   002232  6E05               	movwf	MSdelay@j^0,c
  1048   002234                     l983:
  1049   002234  4A05               	infsnz	MSdelay@j^0,f,c
  1050   002236  2A06               	incf	(MSdelay@j+1)^0,f,c
  1051   002238  5006               	movf	(MSdelay@j+1)^0,w,c
  1052   00223A  E109               	bnz	u170
  1053   00223C  0EA5               	movlw	165
  1054   00223E  5C05               	subwf	MSdelay@j^0,w,c
  1055   002240  A0D8               	btfss	status,0,c
  1056   002242  EF25  F011         	goto	u171
  1057   002246  EF27  F011         	goto	u170
  1058   00224A                     u171:
  1059   00224A  EF1A  F011         	goto	l983
  1060   00224E                     u170:
  1061   00224E  4A03               	infsnz	MSdelay@i^0,f,c
  1062   002250  2A04               	incf	(MSdelay@i+1)^0,f,c
  1063   002252                     l989:
  1064   002252  5001               	movf	MSdelay@val^0,w,c
  1065   002254  5C03               	subwf	MSdelay@i^0,w,c
  1066   002256  5002               	movf	(MSdelay@val+1)^0,w,c
  1067   002258  5804               	subwfb	(MSdelay@i+1)^0,w,c
  1068   00225A  A0D8               	btfss	status,0,c
  1069   00225C  EF32  F011         	goto	u181
  1070   002260  EF34  F011         	goto	u180
  1071   002264                     u181:
  1072   002264  EF16  F011         	goto	l977
  1073   002268                     u180:
  1074   002268  0012               	return		;funcret
  1075   00226A                     __end_of_MSdelay:
  1076                           	callstack 0
  1077                           
  1078                           	psect	smallconst
  1079   002000                     __psmallconst:
  1080                           	callstack 0
  1081   002000  00                 	db	0
  1082   002001  00                 	db	0	; dummy byte at the end
  1083   000000                     
  1084                           	psect	rparam
  1085   000000                     
  1086                           	psect	config
  1087                           
  1088                           ;Config register CONFIG1L @ 0x300000
  1089                           ;	External Oscillator Selection
  1090                           ;	FEXTOSC = LP, LP (crystal oscillator) optimized for 32.768 kHz; PFM set to low power
  1091                           ;	Reset Oscillator Selection
  1092                           ;	RSTOSC = EXTOSC, EXTOSC operating per FEXTOSC bits (device manufacturing default)
  1093   300000                     	org	3145728
  1094   300000  F8                 	db	248
  1095                           
  1096                           ;Config register CONFIG1H @ 0x300001
  1097                           ;	Clock out Enable bit
  1098                           ;	CLKOUTEN = OFF, CLKOUT function is disabled
  1099                           ;	PRLOCKED One-Way Set Enable bit
  1100                           ;	PR1WAY = ON, PRLOCK bit can be cleared and set only once
  1101                           ;	Clock Switch Enable bit
  1102                           ;	CSWEN = ON, Writing to NOSC and NDIV is allowed
  1103                           ;	Fail-Safe Clock Monitor Enable bit
  1104                           ;	FCMEN = ON, Fail-Safe Clock Monitor enabled
  1105   300001                     	org	3145729
  1106   300001  FF                 	db	255
  1107                           
  1108                           ;Config register CONFIG2L @ 0x300002
  1109                           ;	MCLR Enable bit
  1110                           ;	MCLRE = EXTMCLR, If LVP = 0, MCLR pin is MCLR; If LVP = 1, RE3 pin function is MCLR
  1111                           ;	Power-up timer selection bits
  1112                           ;	PWRTS = PWRT_OFF, PWRT is disabled
  1113                           ;	Multi-vector enable bit
  1114                           ;	MVECEN = ON, Multi-vector enabled, Vector table used for interrupts
  1115                           ;	IVTLOCK bit One-way set enable bit
  1116                           ;	IVT1WAY = ON, IVTLOCK bit can be cleared and set only once
  1117                           ;	Low Power BOR Enable bit
  1118                           ;	LPBOREN = OFF, ULPBOR disabled
  1119                           ;	Brown-out Reset Enable bits
  1120                           ;	BOREN = SBORDIS, Brown-out Reset enabled , SBOREN bit is ignored
  1121   300002                     	org	3145730
  1122   300002  FF                 	db	255
  1123                           
  1124                           ;Config register CONFIG2H @ 0x300003
  1125                           ;	Brown-out Reset Voltage Selection bits
  1126                           ;	BORV = VBOR_2P45, Brown-out Reset Voltage (VBOR) set to 2.45V
  1127                           ;	ZCD Disable bit
  1128                           ;	ZCD = OFF, ZCD disabled. ZCD can be enabled by setting the ZCDSEN bit of ZCDCON
  1129                           ;	PPSLOCK bit One-Way Set Enable bit
  1130                           ;	PPS1WAY = ON, PPSLOCK bit can be cleared and set only once; PPS registers remain locke
      +                          d after one clear/set cycle
  1131                           ;	Stack Full/Underflow Reset Enable bit
  1132                           ;	STVREN = ON, Stack full/underflow will cause Reset
  1133                           ;	Debugger Enable bit
  1134                           ;	DEBUG = OFF, Background debugger disabled
  1135                           ;	Extended Instruction Set Enable bit
  1136                           ;	XINST = OFF, Extended Instruction Set and Indexed Addressing Mode disabled
  1137   300003                     	org	3145731
  1138   300003  FF                 	db	255
  1139                           
  1140                           ;Config register CONFIG3L @ 0x300004
  1141                           ;	WDT Period selection bits
  1142                           ;	WDTCPS = WDTCPS_31, Divider ratio 1:65536; software control of WDTPS
  1143                           ;	WDT operating mode
  1144                           ;	WDTE = OFF, WDT Disabled; SWDTEN is ignored
  1145   300004                     	org	3145732
  1146   300004  9F                 	db	159
  1147                           
  1148                           ;Config register CONFIG3H @ 0x300005
  1149                           ;	WDT Window Select bits
  1150                           ;	WDTCWS = WDTCWS_7, window always open (100%); software control; keyed access not requi
      +                          red
  1151                           ;	WDT input clock selector
  1152                           ;	WDTCCS = SC, Software Control
  1153   300005                     	org	3145733
  1154   300005  FF                 	db	255
  1155                           
  1156                           ;Config register CONFIG4L @ 0x300006
  1157                           ;	Boot Block Size selection bits
  1158                           ;	BBSIZE = BBSIZE_512, Boot Block size is 512 words
  1159                           ;	Boot Block enable bit
  1160                           ;	BBEN = OFF, Boot block disabled
  1161                           ;	Storage Area Flash enable bit
  1162                           ;	SAFEN = OFF, SAF disabled
  1163                           ;	Application Block write protection bit
  1164                           ;	WRTAPP = OFF, Application Block not write protected
  1165   300006                     	org	3145734
  1166   300006  FF                 	db	255
  1167                           
  1168                           ;Config register CONFIG4H @ 0x300007
  1169                           ;	Boot Block Write Protection bit
  1170                           ;	WRTB = OFF, Boot Block not write-protected
  1171                           ;	Configuration Register Write Protection bit
  1172                           ;	WRTC = OFF, Configuration registers not write-protected
  1173                           ;	Data EEPROM Write Protection bit
  1174                           ;	WRTD = OFF, Data EEPROM not write-protected
  1175                           ;	SAF Write protection bit
  1176                           ;	WRTSAF = OFF, SAF not Write Protected
  1177                           ;	Low Voltage Programming Enable bit
  1178                           ;	LVP = ON, Low voltage programming enabled. MCLR/VPP pin function is MCLR. MCLRE config
      +                          uration bit is ignored
  1179   300007                     	org	3145735
  1180   300007  FF                 	db	255
  1181                           
  1182                           ;Config register CONFIG5L @ 0x300008
  1183                           ;	PFM and Data EEPROM Code Protection bit
  1184                           ;	CP = OFF, PFM and Data EEPROM code protection disabled
  1185   300008                     	org	3145736
  1186   300008  FF                 	db	255
  1187                           
  1188                           ;Config register CONFIG5H @ 0x300009
  1189                           ;	unspecified, using default values
  1190   300009                     	org	3145737
  1191   300009  FF                 	db	255
  1192                           tosu	equ	0x3FFF
  1193                           tosh	equ	0x3FFE
  1194                           tosl	equ	0x3FFD
  1195                           stkptr	equ	0x3FFC
  1196                           pclatu	equ	0x3FFB
  1197                           pclath	equ	0x3FFA
  1198                           pcl	equ	0x3FF9
  1199                           tblptru	equ	0x3FF8
  1200                           tblptrh	equ	0x3FF7
  1201                           tblptrl	equ	0x3FF6
  1202                           tablat	equ	0x3FF5
  1203                           prodh	equ	0x3FF4
  1204                           prodl	equ	0x3FF3
  1205                           indf0	equ	0x3FEF
  1206                           postinc0	equ	0x3FEE
  1207                           postdec0	equ	0x3FED
  1208                           preinc0	equ	0x3FEC
  1209                           plusw0	equ	0x3FEB
  1210                           fsr0h	equ	0x3FEA
  1211                           fsr0l	equ	0x3FE9
  1212                           wreg	equ	0x3FE8
  1213                           indf1	equ	0x3FE7
  1214                           postinc1	equ	0x3FE6
  1215                           postdec1	equ	0x3FE5
  1216                           preinc1	equ	0x3FE4
  1217                           plusw1	equ	0x3FE3
  1218                           fsr1h	equ	0x3FE2
  1219                           fsr1l	equ	0x3FE1
  1220                           bsr	equ	0x3FE0
  1221                           indf2	equ	0x3FDF
  1222                           postinc2	equ	0x3FDE
  1223                           postdec2	equ	0x3FDD
  1224                           preinc2	equ	0x3FDC
  1225                           plusw2	equ	0x3FDB
  1226                           fsr2h	equ	0x3FDA
  1227                           fsr2l	equ	0x3FD9
  1228                           status	equ	0x3FD8

Data Sizes:
    Strings     0
    Constant    0
    Data        0
    BSS         6
    Persistent  0
    Stack       0

Auto Spaces:
    Space          Size  Autos    Used
    COMRAM           95     27      33
    BANK0           160      0       0
    BANK1           256      0       0
    BANK2           256      0       0
    BANK3           256      0       0
    BANK4           256      0       0
    BANK5           256      0       0
    BANK6           256      0       0
    BANK7           256      0       0
    BANK8           256      0       0
    BANK9           256      0       0
    BANK10          256      0       0
    BANK11          256      0       0
    BANK12          256      0       0
    BANK13          256      0       0
    BANK14          256      0       0
    BANK15          256      0       0
    BANK16          256      0       0
    BANK17          256      0       0
    BANK18          256      0       0
    BANK19          256      0       0
    BANK20          256      0       0
    BANK21          256      0       0
    BANK22          256      0       0
    BANK23          256      0       0
    BANK24          256      0       0
    BANK25          256      0       0
    BANK26          256      0       0
    BANK27          256      0       0
    BANK28          256      0       0
    BANK29          256      0       0
    BANK30          256      0       0
    BANK31          256      0       0

Pointer List with Targets:

    None.

Critical Paths under _main in COMRAM

    _main->___lldiv
    ___lldiv->___lmul

Critical Paths under _main in BANK0

    None.

Critical Paths under _main in BANK1

    None.

Critical Paths under _main in BANK2

    None.

Critical Paths under _main in BANK3

    None.

Critical Paths under _main in BANK4

    None.

Critical Paths under _main in BANK5

    None.

Critical Paths under _main in BANK6

    None.

Critical Paths under _main in BANK7

    None.

Critical Paths under _main in BANK8

    None.

Critical Paths under _main in BANK9

    None.

Critical Paths under _main in BANK10

    None.

Critical Paths under _main in BANK11

    None.

Critical Paths under _main in BANK12

    None.

Critical Paths under _main in BANK13

    None.

Critical Paths under _main in BANK14

    None.

Critical Paths under _main in BANK15

    None.

Critical Paths under _main in BANK16

    None.

Critical Paths under _main in BANK17

    None.

Critical Paths under _main in BANK18

    None.

Critical Paths under _main in BANK19

    None.

Critical Paths under _main in BANK20

    None.

Critical Paths under _main in BANK21

    None.

Critical Paths under _main in BANK22

    None.

Critical Paths under _main in BANK23

    None.

Critical Paths under _main in BANK24

    None.

Critical Paths under _main in BANK25

    None.

Critical Paths under _main in BANK26

    None.

Critical Paths under _main in BANK27

    None.

Critical Paths under _main in BANK28

    None.

Critical Paths under _main in BANK29

    None.

Critical Paths under _main in BANK30

    None.

Critical Paths under _main in BANK31

    None.

Call Graph Tables:

 ---------------------------------------------------------------------------------
 (Depth) Function   	        Calls       Base Space   Used Autos Params    Refs
 ---------------------------------------------------------------------------------
 (0) _main                                                 2     2      0    1018
                                             25 COMRAM     2     2      0
                            _MSdelay
                    _PWM2_Initialize
                 _PWM2_LoadDutyValue
               _PWM2_OutputStatusGet
               _PWM_Output_D8_Enable
                    _TMR2_Initialize
                    _TMR2_StartTimer
                            ___lldiv
                             ___lmul
 ---------------------------------------------------------------------------------
 (1) ___lmul                                              12     4      8     370
                                              0 COMRAM    12     4      8
 ---------------------------------------------------------------------------------
 (1) ___lldiv                                             13     5      8     314
                                             12 COMRAM    13     5      8
                             ___lmul (ARG)
 ---------------------------------------------------------------------------------
 (1) _TMR2_StartTimer                                      0     0      0       0
                         _TMR2_Start
 ---------------------------------------------------------------------------------
 (2) _TMR2_Start                                           0     0      0       0
 ---------------------------------------------------------------------------------
 (1) _TMR2_Initialize                                      0     0      0       0
 ---------------------------------------------------------------------------------
 (1) _PWM_Output_D8_Enable                                 0     0      0       0
 ---------------------------------------------------------------------------------
 (1) _PWM2_OutputStatusGet                                 0     0      0       0
 ---------------------------------------------------------------------------------
 (1) _PWM2_LoadDutyValue                                   2     0      2     166
                                              0 COMRAM     2     0      2
 ---------------------------------------------------------------------------------
 (1) _PWM2_Initialize                                      0     0      0       0
 ---------------------------------------------------------------------------------
 (1) _MSdelay                                              6     4      2     168
                                              0 COMRAM     6     4      2
 ---------------------------------------------------------------------------------
 Estimated maximum stack depth 2
 ---------------------------------------------------------------------------------

 Call Graph Graphs:

 _main (ROOT)
   _MSdelay
   _PWM2_Initialize
   _PWM2_LoadDutyValue
   _PWM2_OutputStatusGet
   _PWM_Output_D8_Enable
   _TMR2_Initialize
   _TMR2_StartTimer
     _TMR2_Start
   ___lldiv
     ___lmul (ARG)
   ___lmul

 Address spaces:
Name               Size   Autos  Total    Cost      Usage
BIGRAM            1FFF      0       0      81        0.0%
BITBIGSFRllhhll    49E      0       0      74        0.0%
EEDATA             400      0       0       0        0.0%
BITBIGSFRlll       1A4      0       0      80        0.0%
BITBANK31          100      0       0      67        0.0%
BANK31             100      0       0      68        0.0%
BITBANK30          100      0       0      65        0.0%
BANK30             100      0       0      66        0.0%
BITBANK29          100      0       0      63        0.0%
BANK29             100      0       0      64        0.0%
BITBANK28          100      0       0      61        0.0%
BANK28             100      0       0      62        0.0%
BITBANK27          100      0       0      59        0.0%
BANK27             100      0       0      60        0.0%
BITBANK26          100      0       0      57        0.0%
BANK26             100      0       0      58        0.0%
BITBANK25          100      0       0      55        0.0%
BANK25             100      0       0      56        0.0%
BITBANK24          100      0       0      53        0.0%
BANK24             100      0       0      54        0.0%
BITBANK23          100      0       0      51        0.0%
BANK23             100      0       0      52        0.0%
BITBANK22          100      0       0      49        0.0%
BANK22             100      0       0      50        0.0%
BITBANK21          100      0       0      47        0.0%
BANK21             100      0       0      48        0.0%
BITBANK20          100      0       0      45        0.0%
BANK20             100      0       0      46        0.0%
BITBANK19          100      0       0      43        0.0%
BANK19             100      0       0      44        0.0%
BITBANK18          100      0       0      41        0.0%
BANK18             100      0       0      42        0.0%
BITBANK17          100      0       0      39        0.0%
BANK17             100      0       0      40        0.0%
BITBANK16          100      0       0      37        0.0%
BANK16             100      0       0      38        0.0%
BITBANK15          100      0       0      35        0.0%
BANK15             100      0       0      36        0.0%
BITBANK14          100      0       0      33        0.0%
BANK14             100      0       0      34        0.0%
BITBANK13          100      0       0      31        0.0%
BANK13             100      0       0      32        0.0%
BITBANK12          100      0       0      29        0.0%
BANK12             100      0       0      30        0.0%
BITBANK11          100      0       0      27        0.0%
BANK11             100      0       0      28        0.0%
BITBANK10          100      0       0      25        0.0%
BANK10             100      0       0      26        0.0%
BITBANK9           100      0       0      23        0.0%
BANK9              100      0       0      24        0.0%
BITBANK8           100      0       0      20        0.0%
BANK8              100      0       0      21        0.0%
BITBANK7           100      0       0      18        0.0%
BANK7              100      0       0      19        0.0%
BITBANK6           100      0       0      16        0.0%
BANK6              100      0       0      17        0.0%
BITBANK5           100      0       0      14        0.0%
BANK5              100      0       0      15        0.0%
BITBANK4           100      0       0      12        0.0%
BANK4              100      0       0      13        0.0%
BITBANK3           100      0       0      10        0.0%
BANK3              100      0       0      11        0.0%
BITBANK2           100      0       0       8        0.0%
BANK2              100      0       0       9        0.0%
BITBANK1           100      0       0       6        0.0%
BANK1              100      0       0       7        0.0%
BITBANK0            A0      0       0       4        0.0%
BANK0               A0      0       0       5        0.0%
BITBIGSFRllhlhh     7E      0       0      75        0.0%
BITCOMRAM           5F      0       0       0        0.0%
COMRAM              5F     1B      21       1       34.7%
BITBIGSFRllhlll     37      0       0      79        0.0%
BITBIGSFRhhh        35      0       0      69        0.0%
BITBIGSFRllhlhl     34      0       0      76        0.0%
BITBIGSFRllhhh      2F      0       0      72        0.0%
BITBIGSFRllhllh     2B      0       0      77        0.0%
BITBIGSFRllhhlh     19      0       0      73        0.0%
BITBIGSFRhl         12      0       0      71        0.0%
BITBIGSFRhhl         6      0       0      70        0.0%
BITBIGSFRllhllh      2      0       0      78        0.0%
BIGSFR               0      0       0     200        0.0%
BITSFR_8             0      0       0     200        0.0%
SFR_8                0      0       0     200        0.0%
BITSFR_7             0      0       0     200        0.0%
SFR_7                0      0       0     200        0.0%
BITSFR_6             0      0       0     200        0.0%
SFR_6                0      0       0     200        0.0%
BITSFR_5             0      0       0     200        0.0%
SFR_5                0      0       0     200        0.0%
BITSFR_4             0      0       0     200        0.0%
SFR_4                0      0       0     200        0.0%
BITSFR_3             0      0       0     200        0.0%
SFR_3                0      0       0     200        0.0%
BITSFR_2             0      0       0     200        0.0%
SFR_2                0      0       0     200        0.0%
BITSFR_1             0      0       0     200        0.0%
SFR_1                0      0       0     200        0.0%
BITSFR               0      0       0     200        0.0%
SFR                  0      0       0     200        0.0%
STACK                0      0       0       2        0.0%
NULL                 0      0       0       0        0.0%
ABS                  0      0      21      22        0.0%
DATA                 0      0      21       3        0.0%
CODE                 0      0       0       0        0.0%


Microchip Technology PIC18 Macro Assembler V2.46 build 20240104201356 
Symbol Table                                                                                   Sun Apr 28 13:47:48 2024

       ?_PWM_Output_D8_Enable 0001                            l53 22B4                            l56 2318  
                          l59 2314                            l92 22E8                            l86 22D0  
                          l97 2298                            u30 22FA                            u31 22F4  
                          u36 22FC                           l100 22FC                           l108 2268  
                         l143 220E                           l144 221E                           l166 21B4  
                         l159 21A4                           l811 22AC                           l805 2316  
                         l813 2310                           l831 22CE                           l807 229A  
                         l833 22D2                           l809 22A6                           l827 22B6  
                         l829 22C0                           l961 226A                           l849 22EA  
                         l963 2272                           l965 2280                           l983 2234  
                         l975 2220                           l967 228E                           l991 21B6  
                         l985 2238                           l977 222C                           l969 2292  
                         l993 21C6                           l987 224E                           l995 21D4  
                         l989 2252                           l997 21E4                           l999 21EE  
                         u200 220E                           u201 220A                           u210 2138  
                         u211 2134                           u220 215A                           u221 2156  
                         u150 2280                           u230 2182                           u151 227C  
                         u231 217E                           u240 203C                           u241 2038  
                         u170 224E                           u171 224A                           u180 2268  
                         u260 20F8                           u181 2264                           u165 2282  
                         u261 20F4                           u190 21D4                           u270 210A  
                         _PR2 3FAB                           u191 21D0                           u271 2106  
                         u255 20E6                           u256 20E8               _TMR2_Initialize 229A  
                         wreg 3FE8  __end_of_PWM2_OutputStatusGet 22FE                          l1001 2112  
                        l1011 215A                          l1003 2122                          l1021 219E  
                        l1013 2164                          l1005 2138                          l1015 2182  
                        l1007 2140                          l1031 2014                          l1023 2002  
                        l1017 2192                          l1009 214C                          l1041 2044  
                        l1033 2016                          l1025 2006                          l1019 2194  
                        l1051 20C8                          l1043 2048                          l1035 201E  
                        l1027 2010                          l1061 20FA                          l1053 20D8  
                        l1045 204C                          l1037 2026                          l1029 2012  
                        l1055 20DE                          l1063 20FC                          l1047 2058  
                        l1039 203C                          l1057 20E8                          l1049 20C0  
                        l1059 20F8                          _T2PR 3FAB                          _TMR2 3FAA  
                        _main 2002                          start FFFC               __end_of_MSdelay 226A  
                ___param_bank 0000       __end_of_PWM2_Initialize 22EA                _checkdutyCycle 001C  
                       ?_main 0001               __end_of___lldiv 21B6                         _T2CON 3FAC  
                       _T2HLT 3FAD                         _T2TMR 3FAA                         _T2RST 3FAF  
         ___lmul@multiplicand 0005                   ?_TMR2_Start 0001                         status 3FD8  
             _TMR2_StartTimer 2310        ??_PWM_Output_D8_Enable 0001               __initialization 22FE  
                __end_of_main 2112       __end_of_TMR2_Initialize 22B6                        ??_main 001A  
               __activetblptr 0000                        _CCPR2H 3F79                        _CCPR2L 3F78  
                      _ANSELA 3A40                        _RB3PPS 3A0B                     ??_MSdelay 0003  
                      _OSCFRQ 39DF                  _CCPTMRS0bits 3F5E                        ___lmul 21B6  
                   ??___lldiv 0015              ?_PWM2_Initialize 0001          _PWM2_OutputStatusGet 22EA  
                      isa$std 0001                  __mediumconst 0000       __end_of_TMR2_StartTimer 2316  
                  __accesstop 0060       __end_of__initialization 230A    __end_of_PWM2_LoadDutyValue 229A  
               ___rparam_used 0001                __pcstackCOMRAM 0001         ?_PWM2_OutputStatusGet 0001  
            ?_TMR2_Initialize 0001                       ?___lmul 0001                       _CCP2CON 3F7A  
              ___lmul@product 0009                       _PPSLOCK 3ABF                  ??_TMR2_Start 0001  
            ?_TMR2_StartTimer 0001                       _MSdelay 2220                       __Hparam 0000  
                     __Lparam 0000        ??_PWM2_OutputStatusGet 0001                       ___lldiv 2112  
                __psmallconst 2000            __end_of_TMR2_Start 231A                       __pcinit 22FE  
                     __ramtop 2000                       __ptext0 2002                       __ptext1 21B6  
                     __ptext2 2112                       __ptext3 2310                       __ptext4 2316  
                     __ptext5 229A                       __ptext6 22B6                       __ptext7 22EA  
                     __ptext8 226A                       __ptext9 22D2                     _T2CONbits 3FAC  
        end_of_initialization 230A               ___lldiv@divisor 0011               ___lldiv@counter 0019  
                   _PORTAbits 3FCA                     _TRISAbits 3FC2                     _TRISBbits 3FC3  
                 _CCP2CONbits 3F7A                __end_of___lmul 2220            _PWM2_LoadDutyValue 226A  
         start_initialization 22FE           ?_PWM2_LoadDutyValue 0001          ??_PWM2_LoadDutyValue 0003  
 PWM2_LoadDutyValue@dutyValue 0001                      ??___lmul 0009                   __pbssCOMRAM 001C  
                    ?_MSdelay 0001                      ?___lldiv 000D                   __smallconst 2000  
                    _T2CLKCON 3FAE                      MSdelay@i 0003                      MSdelay@j 0005  
           ??_PWM2_Initialize 0001                      _PIR4bits 39A4                     _pwmStatus 001E  
__end_of_PWM_Output_D8_Enable 22D2             ___lmul@multiplier 0001             ??_TMR2_Initialize 0001  
                    __Hrparam 0000                      __Lrparam 0000                      __ptext10 2220  
                    _preScale 001F                    MSdelay@val 0001                      isa$xinst 0000  
           ??_TMR2_StartTimer 0001                   _OSCSTATbits 39DC              ___lldiv@dividend 000D  
                 _PPSLOCKbits 3ABF          _PWM_Output_D8_Enable 22B6    _PWM2_INITIALIZE_DUTY_VALUE 0020  
            ___lldiv@quotient 0015               _PWM2_Initialize 22D2                    _TMR2_Start 2316  
